  4MbToMidnight.vcxproj -> C:\Users\Collin\Code\4MbToMidnight\4MbToMidnight\x64\Debug\4MbToMidnight.exe
  ..\Resources\1.png
  ..\Resources\100.png
  ..\Resources\1000.png
  ..\Resources\1001.png
  ..\Resources\1002.png
  ..\Resources\101.png
  ..\Resources\102.png
  ..\Resources\104.png
  ..\Resources\105.png
  ..\Resources\2.png
  ..\Resources\200.png
  ..\Resources\2000.png
  ..\Resources\2000_edit.png
  ..\Resources\201.png
  ..\Resources\ammo.png
  ..\Resources\BulletHole.png
  ..\Resources\crosshair.png
  ..\Resources\error.png
  ..\Resources\FONT.png
  ..\Resources\gun.png
  ..\Resources\map.bin
  ..\Resources\pop.png
  ..\Resources\popupsign.png
  ..\Resources\Sign.png
  ..\Resources\Zombie.png
  25 File(s) copied
  ..\BrushSpriteFragmentShader.glsl
  ..\BrushSpriteVertexShader.glsl
  ..\EntityFragmentShader.glsl
  ..\EntityVertexShader.glsl
  ..\FontFragmentShader.glsl
  ..\FontVertexShader.glsl
  ..\UIFragmentShader.glsl
  ..\UIVertexShader.glsl
  ..\WallsFragmentShader.glsl
  ..\WallsVertexShader.glsl
  10 File(s) copied
